{"/home/oem/workspace/ai/mcp/ssh-admin/src/registry.ts": {"path":"/home/oem/workspace/ai/mcp/ssh-admin/src/registry.ts","statementMap":{"0":{"start":{"line":6,"column":21},"end":{"line":8,"column":null}},"1":{"start":{"line":9,"column":22},"end":{"line":9,"column":null}},"2":{"start":{"line":12,"column":2},"end":{"line":14,"column":null}},"3":{"start":{"line":13,"column":4},"end":{"line":13,"column":null}},"4":{"start":{"line":18,"column":2},"end":{"line":18,"column":null}},"5":{"start":{"line":19,"column":2},"end":{"line":21,"column":null}},"6":{"start":{"line":20,"column":4},"end":{"line":20,"column":null}},"7":{"start":{"line":22,"column":18},"end":{"line":22,"column":null}},"8":{"start":{"line":23,"column":2},"end":{"line":23,"column":null}},"9":{"start":{"line":27,"column":2},"end":{"line":27,"column":null}},"10":{"start":{"line":28,"column":2},"end":{"line":28,"column":null}},"11":{"start":{"line":32,"column":19},"end":{"line":32,"column":null}},"12":{"start":{"line":33,"column":16},"end":{"line":33,"column":null}},"13":{"start":{"line":33,"column":48},"end":{"line":33,"column":65}},"14":{"start":{"line":34,"column":2},"end":{"line":34,"column":null}},"15":{"start":{"line":34,"column":20},"end":{"line":34,"column":null}},"16":{"start":{"line":35,"column":2},"end":{"line":35,"column":null}},"17":{"start":{"line":39,"column":19},"end":{"line":39,"column":null}},"18":{"start":{"line":42,"column":2},"end":{"line":44,"column":null}},"19":{"start":{"line":42,"column":33},"end":{"line":42,"column":55}},"20":{"start":{"line":43,"column":4},"end":{"line":43,"column":null}},"21":{"start":{"line":46,"column":2},"end":{"line":46,"column":null}},"22":{"start":{"line":47,"column":2},"end":{"line":47,"column":null}},"23":{"start":{"line":48,"column":2},"end":{"line":48,"column":null}},"24":{"start":{"line":52,"column":19},"end":{"line":52,"column":null}},"25":{"start":{"line":54,"column":2},"end":{"line":54,"column":null}},"26":{"start":{"line":54,"column":56},"end":{"line":54,"column":57}},"27":{"start":{"line":58,"column":17},"end":{"line":58,"column":null}},"28":{"start":{"line":59,"column":2},"end":{"line":61,"column":null}},"29":{"start":{"line":60,"column":4},"end":{"line":60,"column":null}},"30":{"start":{"line":62,"column":2},"end":{"line":62,"column":null}},"31":{"start":{"line":69,"column":19},"end":{"line":69,"column":null}},"32":{"start":{"line":70,"column":16},"end":{"line":70,"column":null}},"33":{"start":{"line":70,"column":48},"end":{"line":70,"column":65}},"34":{"start":{"line":71,"column":2},"end":{"line":73,"column":null}},"35":{"start":{"line":72,"column":4},"end":{"line":72,"column":null}},"36":{"start":{"line":76,"column":2},"end":{"line":78,"column":null}},"37":{"start":{"line":77,"column":4},"end":{"line":77,"column":null}},"38":{"start":{"line":80,"column":2},"end":{"line":80,"column":null}},"39":{"start":{"line":81,"column":2},"end":{"line":81,"column":null}},"40":{"start":{"line":82,"column":2},"end":{"line":82,"column":null}},"41":{"start":{"line":86,"column":19},"end":{"line":86,"column":null}},"42":{"start":{"line":87,"column":16},"end":{"line":87,"column":null}},"43":{"start":{"line":87,"column":48},"end":{"line":87,"column":65}},"44":{"start":{"line":88,"column":2},"end":{"line":90,"column":null}},"45":{"start":{"line":89,"column":4},"end":{"line":89,"column":null}},"46":{"start":{"line":91,"column":2},"end":{"line":91,"column":null}},"47":{"start":{"line":92,"column":2},"end":{"line":92,"column":null}},"48":{"start":{"line":96,"column":17},"end":{"line":96,"column":null}},"49":{"start":{"line":97,"column":19},"end":{"line":97,"column":null}},"50":{"start":{"line":99,"column":2},"end":{"line":102,"column":null}},"51":{"start":{"line":100,"column":23},"end":{"line":100,"column":null}},"52":{"start":{"line":101,"column":4},"end":{"line":101,"column":null}},"53":{"start":{"line":104,"column":2},"end":{"line":108,"column":null}},"54":{"start":{"line":105,"column":4},"end":{"line":107,"column":null}},"55":{"start":{"line":110,"column":2},"end":{"line":110,"column":null}}},"fnMap":{"0":{"name":"ensureRegistryDir","decl":{"start":{"line":11,"column":9},"end":{"line":11,"column":29}},"loc":{"start":{"line":11,"column":29},"end":{"line":15,"column":null}},"line":11},"1":{"name":"loadRegistry","decl":{"start":{"line":17,"column":9},"end":{"line":17,"column":40}},"loc":{"start":{"line":17,"column":40},"end":{"line":24,"column":null}},"line":17},"2":{"name":"saveRegistry","decl":{"start":{"line":26,"column":9},"end":{"line":26,"column":22}},"loc":{"start":{"line":26,"column":48},"end":{"line":29,"column":null}},"line":26},"3":{"name":"findHost","decl":{"start":{"line":31,"column":9},"end":{"line":31,"column":18}},"loc":{"start":{"line":31,"column":77},"end":{"line":36,"column":null}},"line":31},"4":{"name":"(anonymous_4)","decl":{"start":{"line":33,"column":31},"end":{"line":33,"column":42}},"loc":{"start":{"line":33,"column":48},"end":{"line":33,"column":65}},"line":33},"5":{"name":"addServer","decl":{"start":{"line":38,"column":16},"end":{"line":38,"column":26}},"loc":{"start":{"line":38,"column":91},"end":{"line":49,"column":null}},"line":38},"6":{"name":"(anonymous_6)","decl":{"start":{"line":42,"column":21},"end":{"line":42,"column":27}},"loc":{"start":{"line":42,"column":33},"end":{"line":42,"column":55}},"line":42},"7":{"name":"listServers","decl":{"start":{"line":51,"column":16},"end":{"line":51,"column":44}},"loc":{"start":{"line":51,"column":44},"end":{"line":55,"column":null}},"line":51},"8":{"name":"(anonymous_8)","decl":{"start":{"line":54,"column":24},"end":{"line":54,"column":29}},"loc":{"start":{"line":54,"column":56},"end":{"line":54,"column":57}},"line":54},"9":{"name":"getServer","decl":{"start":{"line":57,"column":16},"end":{"line":57,"column":26}},"loc":{"start":{"line":57,"column":53},"end":{"line":63,"column":null}},"line":57},"10":{"name":"updateServer","decl":{"start":{"line":65,"column":16},"end":{"line":65,"column":null}},"loc":{"start":{"line":68,"column":14},"end":{"line":83,"column":null}},"line":68},"11":{"name":"(anonymous_11)","decl":{"start":{"line":70,"column":31},"end":{"line":70,"column":42}},"loc":{"start":{"line":70,"column":48},"end":{"line":70,"column":65}},"line":70},"12":{"name":"deleteServer","decl":{"start":{"line":85,"column":16},"end":{"line":85,"column":29}},"loc":{"start":{"line":85,"column":50},"end":{"line":93,"column":null}},"line":85},"13":{"name":"(anonymous_13)","decl":{"start":{"line":87,"column":31},"end":{"line":87,"column":42}},"loc":{"start":{"line":87,"column":48},"end":{"line":87,"column":65}},"line":87},"14":{"name":"resolveCredentials","decl":{"start":{"line":95,"column":16},"end":{"line":95,"column":35}},"loc":{"start":{"line":95,"column":105},"end":{"line":111,"column":null}},"line":95}},"branchMap":{"0":{"loc":{"start":{"line":6,"column":21},"end":{"line":8,"column":null}},"type":"cond-expr","locations":[{"start":{"line":7,"column":4},"end":{"line":7,"column":null}},{"start":{"line":8,"column":4},"end":{"line":8,"column":null}}],"line":6},"1":{"loc":{"start":{"line":9,"column":22},"end":{"line":9,"column":null}},"type":"binary-expr","locations":[{"start":{"line":9,"column":22},"end":{"line":9,"column":59}},{"start":{"line":9,"column":59},"end":{"line":9,"column":null}}],"line":9},"2":{"loc":{"start":{"line":12,"column":2},"end":{"line":14,"column":null}},"type":"if","locations":[{"start":{"line":12,"column":2},"end":{"line":14,"column":null}},{"start":{},"end":{}}],"line":12},"3":{"loc":{"start":{"line":19,"column":2},"end":{"line":21,"column":null}},"type":"if","locations":[{"start":{"line":19,"column":2},"end":{"line":21,"column":null}},{"start":{},"end":{}}],"line":19},"4":{"loc":{"start":{"line":34,"column":2},"end":{"line":34,"column":null}},"type":"if","locations":[{"start":{"line":34,"column":2},"end":{"line":34,"column":null}},{"start":{},"end":{}}],"line":34},"5":{"loc":{"start":{"line":42,"column":2},"end":{"line":44,"column":null}},"type":"if","locations":[{"start":{"line":42,"column":2},"end":{"line":44,"column":null}},{"start":{},"end":{}}],"line":42},"6":{"loc":{"start":{"line":59,"column":2},"end":{"line":61,"column":null}},"type":"if","locations":[{"start":{"line":59,"column":2},"end":{"line":61,"column":null}},{"start":{},"end":{}}],"line":59},"7":{"loc":{"start":{"line":71,"column":2},"end":{"line":73,"column":null}},"type":"if","locations":[{"start":{"line":71,"column":2},"end":{"line":73,"column":null}},{"start":{},"end":{}}],"line":71},"8":{"loc":{"start":{"line":76,"column":2},"end":{"line":78,"column":null}},"type":"if","locations":[{"start":{"line":76,"column":2},"end":{"line":78,"column":null}},{"start":{},"end":{}}],"line":76},"9":{"loc":{"start":{"line":76,"column":6},"end":{"line":76,"column":46}},"type":"binary-expr","locations":[{"start":{"line":76,"column":6},"end":{"line":76,"column":27}},{"start":{"line":76,"column":27},"end":{"line":76,"column":46}}],"line":76},"10":{"loc":{"start":{"line":88,"column":2},"end":{"line":90,"column":null}},"type":"if","locations":[{"start":{"line":88,"column":2},"end":{"line":90,"column":null}},{"start":{},"end":{}}],"line":88},"11":{"loc":{"start":{"line":99,"column":2},"end":{"line":102,"column":null}},"type":"if","locations":[{"start":{"line":99,"column":2},"end":{"line":102,"column":null}},{"start":{},"end":{}}],"line":99},"12":{"loc":{"start":{"line":99,"column":6},"end":{"line":99,"column":49}},"type":"binary-expr","locations":[{"start":{"line":99,"column":6},"end":{"line":99,"column":35}},{"start":{"line":99,"column":35},"end":{"line":99,"column":49}}],"line":99},"13":{"loc":{"start":{"line":104,"column":2},"end":{"line":108,"column":null}},"type":"if","locations":[{"start":{"line":104,"column":2},"end":{"line":108,"column":null}},{"start":{},"end":{}}],"line":104},"14":{"loc":{"start":{"line":104,"column":6},"end":{"line":104,"column":51}},"type":"binary-expr","locations":[{"start":{"line":104,"column":6},"end":{"line":104,"column":40}},{"start":{"line":104,"column":40},"end":{"line":104,"column":51}}],"line":104}},"s":{"0":1,"1":1,"2":35,"3":10,"4":23,"5":23,"6":12,"7":11,"8":11,"9":12,"10":12,"11":6,"12":6,"13":4,"14":6,"15":2,"16":4,"17":11,"18":11,"19":1,"20":1,"21":10,"22":10,"23":10,"24":1,"25":1,"26":1,"27":6,"28":6,"29":2,"30":4,"31":3,"32":3,"33":3,"34":3,"35":0,"36":3,"37":2,"38":1,"39":1,"40":1,"41":2,"42":2,"43":1,"44":2,"45":1,"46":1,"47":1,"48":3,"49":3,"50":3,"51":1,"52":1,"53":2,"54":1,"55":1},"f":{"0":35,"1":23,"2":12,"3":6,"4":4,"5":11,"6":1,"7":1,"8":1,"9":6,"10":3,"11":3,"12":2,"13":1,"14":3},"b":{"0":[1,0],"1":[1,0],"2":[10,25],"3":[12,11],"4":[2,4],"5":[1,10],"6":[2,4],"7":[0,3],"8":[2,1],"9":[3,2],"10":[1,1],"11":[1,2],"12":[3,1],"13":[1,1],"14":[2,2]},"meta":{"lastBranch":15,"lastFunction":15,"lastStatement":56,"seen":{"s:6:21:8:Infinity":0,"b:7:4:7:Infinity:8:4:8:Infinity":0,"s:9:22:9:Infinity":1,"b:9:22:9:59:9:59:9:Infinity":1,"f:11:9:11:29":0,"b:12:2:14:Infinity:undefined:undefined:undefined:undefined":2,"s:12:2:14:Infinity":2,"s:13:4:13:Infinity":3,"f:17:9:17:40":1,"s:18:2:18:Infinity":4,"b:19:2:21:Infinity:undefined:undefined:undefined:undefined":3,"s:19:2:21:Infinity":5,"s:20:4:20:Infinity":6,"s:22:18:22:Infinity":7,"s:23:2:23:Infinity":8,"f:26:9:26:22":2,"s:27:2:27:Infinity":9,"s:28:2:28:Infinity":10,"f:31:9:31:18":3,"s:32:19:32:Infinity":11,"s:33:16:33:Infinity":12,"f:33:31:33:42":4,"s:33:48:33:65":13,"b:34:2:34:Infinity:undefined:undefined:undefined:undefined":4,"s:34:2:34:Infinity":14,"s:34:20:34:Infinity":15,"s:35:2:35:Infinity":16,"f:38:16:38:26":5,"s:39:19:39:Infinity":17,"b:42:2:44:Infinity:undefined:undefined:undefined:undefined":5,"s:42:2:44:Infinity":18,"f:42:21:42:27":6,"s:42:33:42:55":19,"s:43:4:43:Infinity":20,"s:46:2:46:Infinity":21,"s:47:2:47:Infinity":22,"s:48:2:48:Infinity":23,"f:51:16:51:44":7,"s:52:19:52:Infinity":24,"s:54:2:54:Infinity":25,"f:54:24:54:29":8,"s:54:56:54:57":26,"f:57:16:57:26":9,"s:58:17:58:Infinity":27,"b:59:2:61:Infinity:undefined:undefined:undefined:undefined":6,"s:59:2:61:Infinity":28,"s:60:4:60:Infinity":29,"s:62:2:62:Infinity":30,"f:65:16:65:Infinity":10,"s:69:19:69:Infinity":31,"s:70:16:70:Infinity":32,"f:70:31:70:42":11,"s:70:48:70:65":33,"b:71:2:73:Infinity:undefined:undefined:undefined:undefined":7,"s:71:2:73:Infinity":34,"s:72:4:72:Infinity":35,"b:76:2:78:Infinity:undefined:undefined:undefined:undefined":8,"s:76:2:78:Infinity":36,"b:76:6:76:27:76:27:76:46":9,"s:77:4:77:Infinity":37,"s:80:2:80:Infinity":38,"s:81:2:81:Infinity":39,"s:82:2:82:Infinity":40,"f:85:16:85:29":12,"s:86:19:86:Infinity":41,"s:87:16:87:Infinity":42,"f:87:31:87:42":13,"s:87:48:87:65":43,"b:88:2:90:Infinity:undefined:undefined:undefined:undefined":10,"s:88:2:90:Infinity":44,"s:89:4:89:Infinity":45,"s:91:2:91:Infinity":46,"s:92:2:92:Infinity":47,"f:95:16:95:35":14,"s:96:17:96:Infinity":48,"s:97:19:97:Infinity":49,"b:99:2:102:Infinity:undefined:undefined:undefined:undefined":11,"s:99:2:102:Infinity":50,"b:99:6:99:35:99:35:99:49":12,"s:100:23:100:Infinity":51,"s:101:4:101:Infinity":52,"b:104:2:108:Infinity:undefined:undefined:undefined:undefined":13,"s:104:2:108:Infinity":53,"b:104:6:104:40:104:40:104:51":14,"s:105:4:107:Infinity":54,"s:110:2:110:Infinity":55},"fnNames":{}}}
}
